<?xml version="1.0" encoding="UTF-8"?>
<testsuite name="JUnitTest" tests="1" skipped="0" failures="0" errors="0" timestamp="2020-07-09T06:01:33" hostname="MacBook-Pro.local" time="0.002">
  <properties/>
  <testcase name="test2" classname="JUnitTest" time="0.002"/>
  <system-out><![CDATA[]]></system-out>
  <system-err><![CDATA[]]></system-err>
</testsuite>
